-- Found ament_cmake: 1.3.9 (/opt/ros/humble/share/ament_cmake/cmake)
-- Override CMake install command with custom implementation using symlinks instead of copying resources
-- Found OpenCV: /usr (found version "4.5.4") 
-- Found rclcpp: 16.0.9 (/opt/ros/humble/share/rclcpp/cmake)
-- Found rosidl_generator_c: 3.1.5 (/opt/ros/humble/share/rosidl_generator_c/cmake)
-- Found rosidl_adapter: 3.1.5 (/opt/ros/humble/share/rosidl_adapter/cmake)
-- Found rosidl_generator_cpp: 3.1.5 (/opt/ros/humble/share/rosidl_generator_cpp/cmake)
-- Using all available rosidl_typesupport_c: rosidl_typesupport_fastrtps_c;rosidl_typesupport_introspection_c
-- Using all available rosidl_typesupport_cpp: rosidl_typesupport_fastrtps_cpp;rosidl_typesupport_introspection_cpp
-- Found rmw_implementation_cmake: 6.1.2 (/opt/ros/humble/share/rmw_implementation_cmake/cmake)
-- Found rmw_fastrtps_cpp: 6.2.6 (/opt/ros/humble/share/rmw_fastrtps_cpp/cmake)
-- Found OpenSSL: /usr/lib/x86_64-linux-gnu/libcrypto.so (found version "3.0.2")  
-- Found FastRTPS: /opt/ros/humble/include  
-- Using RMW implementation 'rmw_fastrtps_cpp' as default
-- Looking for pthread.h
-- Looking for pthread.h - found
-- Performing Test CMAKE_HAVE_LIBC_PTHREAD
-- Performing Test CMAKE_HAVE_LIBC_PTHREAD - Success
-- Found Threads: TRUE  
-- Found ament_lint_auto: 0.12.11 (/opt/ros/humble/share/ament_lint_auto/cmake)
-- Added test 'cppcheck' to perform static code analysis on C / C++ code
-- Configured cppcheck include dirs: /home/lab/ros2_ws/src/ros2_ws/simple_pkg_cpp/include
-- Configured cppcheck exclude dirs and/or files: 
-- Added test 'lint_cmake' to check CMake code style
-- Added test 'uncrustify' to check C / C++ code style
-- Configured uncrustify additional arguments: 
-- Added test 'xmllint' to check XML markup files
-- Configuring done
-- Generating done
-- Build files have been written to: /home/lab/ros2_ws/src/ros2_ws/build/simple_pkg_cpp
[  7%] [32mBuilding CXX object CMakeFiles/helloOpenCV.dir/src/helloOpenCV.cpp.o[0m
[ 15%] [32mBuilding CXX object CMakeFiles/helloworld.dir/src/helloworld.cpp.o[0m
[ 23%] [32m[1mLinking CXX executable helloworld[0m
[ 23%] Built target helloworld
[ 30%] [32mBuilding CXX object CMakeFiles/hello_publisher.dir/src/hello_publisher.cpp.o[0m
[ 38%] [32m[1mLinking CXX executable helloOpenCV[0m
[ 38%] Built target helloOpenCV
[ 46%] [32mBuilding CXX object CMakeFiles/hello_publisher2.dir/src/hello_publisher2.cpp.o[0m
[ 53%] [32m[1mLinking CXX executable hello_publisher[0m
[ 53%] Built target hello_publisher
[ 61%] [32mBuilding CXX object CMakeFiles/hello_publisher_class.dir/src/hello_publisher_class.cpp.o[0m
[ 69%] [32m[1mLinking CXX executable hello_publisher2[0m
[ 69%] Built target hello_publisher2
[ 76%] [32m[1mLinking CXX executable hello_publisher_class[0m
[ 76%] Built target hello_publisher_class
[ 84%] [32mBuilding CXX object CMakeFiles/hello_publisher_class2.dir/src/hello_publisher_class2.cpp.o[0m
[ 92%] [32mBuilding CXX object CMakeFiles/hello_publisher_class2.dir/src/publisher.cpp.o[0m
[01m[K/home/lab/ros2_ws/src/ros2_ws/simple_pkg_cpp/src/publisher.cpp:[m[K In function â€˜[01m[Kvoid publish_helloworld_msg()[m[Kâ€™:
[01m[K/home/lab/ros2_ws/src/ros2_ws/simple_pkg_cpp/src/publisher.cpp:13:43:[m[K [01;31m[Kerror: [m[Kâ€˜[01m[K_i[m[Kâ€™ was not declared in this scope
   13 |     msg.data = "Hellow, World!"+to_string([01;31m[K_i[m[K) ;
      |                                           [01;31m[K^~[m[K
[01m[K/home/lab/ros2_ws/src/ros2_ws/simple_pkg_cpp/src/publisher.cpp:14:5:[m[K [01;31m[Kerror: [m[Kâ€˜[01m[K_pub[m[Kâ€™ was not declared in this scope
   14 |     [01;31m[K_pub[m[K->publish(msg);
      |     [01;31m[K^~~~[m[K
gmake[2]: *** [CMakeFiles/hello_publisher_class2.dir/build.make:90: CMakeFiles/hello_publisher_class2.dir/src/publisher.cpp.o] ì˜¤ë¥˜ 1
gmake[1]: *** [CMakeFiles/Makefile2:277: CMakeFiles/hello_publisher_class2.dir/all] ì˜¤ë¥˜ 2
gmake: *** [Makefile:146: all] ì˜¤ë¥˜ 2
