[0.037s] Invoking command in '/home/lab/ros2_ws/src/ros2_ws/build/move_t_sim': CMAKE_PREFIX_PATH=${CMAKE_PREFIX_PATH}:/opt/ros/humble /usr/bin/cmake /home/lab/ros2_ws/src/ros2_ws/move_t_sim -DAMENT_CMAKE_SYMLINK_INSTALL=1 -DCMAKE_INSTALL_PREFIX=/home/lab/ros2_ws/src/ros2_ws/install/move_t_sim
[0.062s] -- Found ament_cmake: 1.3.9 (/opt/ros/humble/share/ament_cmake/cmake)
[0.240s] -- Override CMake install command with custom implementation using symlinks instead of copying resources
[0.272s] -- Found rclcpp: 16.0.9 (/opt/ros/humble/share/rclcpp/cmake)
[0.325s] -- Found rosidl_generator_c: 3.1.5 (/opt/ros/humble/share/rosidl_generator_c/cmake)
[0.329s] -- Found rosidl_adapter: 3.1.5 (/opt/ros/humble/share/rosidl_adapter/cmake)
[0.339s] -- Found rosidl_generator_cpp: 3.1.5 (/opt/ros/humble/share/rosidl_generator_cpp/cmake)
[0.357s] -- Using all available rosidl_typesupport_c: rosidl_typesupport_fastrtps_c;rosidl_typesupport_introspection_c
[0.374s] -- Using all available rosidl_typesupport_cpp: rosidl_typesupport_fastrtps_cpp;rosidl_typesupport_introspection_cpp
[0.465s] -- Found rmw_implementation_cmake: 6.1.2 (/opt/ros/humble/share/rmw_implementation_cmake/cmake)
[0.471s] -- Found rmw_fastrtps_cpp: 6.2.6 (/opt/ros/humble/share/rmw_fastrtps_cpp/cmake)
[0.670s] -- Using RMW implementation 'rmw_fastrtps_cpp' as default
[0.916s] -- Found geometry_msgs: 4.2.4 (/opt/ros/humble/share/geometry_msgs/cmake)
[0.984s] -- Found nav_msgs: 4.2.4 (/opt/ros/humble/share/nav_msgs/cmake)
[1.115s] -- Found nav2_msgs: 1.1.15 (/opt/ros/humble/share/nav2_msgs/cmake)
[1.423s] -- Found turtlesim: 1.4.2 (/opt/ros/humble/share/turtlesim/cmake)
[1.497s] -- Found tf2: 0.25.7 (/opt/ros/humble/share/tf2/cmake)
[1.523s] -- Found rclcpp_action: 16.0.9 (/opt/ros/humble/share/rclcpp_action/cmake)
[1.569s] -- Found sensor_msgs: 4.2.4 (/opt/ros/humble/share/sensor_msgs/cmake)
[1.841s] -- Found cv_bridge: 3.2.1 (/opt/ros/humble/share/cv_bridge/cmake)
[1.871s] -- Found OpenCV: /usr (found version "4.5.4") 
[1.900s] -- Found ament_lint_auto: 0.12.11 (/opt/ros/humble/share/ament_lint_auto/cmake)
[2.092s] -- Added test 'cppcheck' to perform static code analysis on C / C++ code
[2.094s] -- Configured cppcheck include dirs: /home/lab/ros2_ws/src/ros2_ws/move_t_sim/include
[2.094s] -- Configured cppcheck exclude dirs and/or files: 
[2.109s] -- Added test 'lint_cmake' to check CMake code style
[2.114s] -- Added test 'uncrustify' to check C / C++ code style
[2.114s] -- Configured uncrustify additional arguments: 
[2.122s] -- Added test 'xmllint' to check XML markup files
[2.133s] -- Configuring done
[2.212s] -- Generating done
[2.226s] -- Build files have been written to: /home/lab/ros2_ws/src/ros2_ws/build/move_t_sim
[2.272s] Invoked command in '/home/lab/ros2_ws/src/ros2_ws/build/move_t_sim' returned '0': CMAKE_PREFIX_PATH=${CMAKE_PREFIX_PATH}:/opt/ros/humble /usr/bin/cmake /home/lab/ros2_ws/src/ros2_ws/move_t_sim -DAMENT_CMAKE_SYMLINK_INSTALL=1 -DCMAKE_INSTALL_PREFIX=/home/lab/ros2_ws/src/ros2_ws/install/move_t_sim
[2.272s] Invoking command in '/home/lab/ros2_ws/src/ros2_ws/build/move_t_sim': CMAKE_PREFIX_PATH=${CMAKE_PREFIX_PATH}:/opt/ros/humble /usr/bin/cmake --build /home/lab/ros2_ws/src/ros2_ws/build/move_t_sim -- -j2 -l2
[2.467s] [  4%] [32mBuilding CXX object CMakeFiles/moveTurtleSim.dir/src/moveTurtleSim.cpp.o[0m
[2.483s] [  8%] [32mBuilding CXX object CMakeFiles/moveTurtleBot.dir/src/moveTurtleBot.cpp.o[0m
[15.151s] [ 13%] [32mBuilding CXX object CMakeFiles/moveTurtleBot.dir/src/moveTurtleBotcpp.cpp.o[0m
[15.448s] [ 17%] [32mBuilding CXX object CMakeFiles/moveTurtleSim.dir/src/moveTurtle.cpp.o[0m
[31.360s] [ 21%] [32m[1mLinking CXX executable moveTurtleSim[0m
[31.993s] [ 21%] Built target moveTurtleSim
[39.348s] [ 26%] [32m[1mLinking CXX executable moveTurtleBot[0m
[40.106s] [ 26%] Built target moveTurtleBot
[40.158s] [ 30%] [32mBuilding CXX object CMakeFiles/moveTurtleBot2.dir/src/moveTurtleBot2.cpp.o[0m
[43.812s] [ 34%] [32mBuilding CXX object CMakeFiles/moveTurtleBot2.dir/src/moveTurtleBotcpp2.cpp.o[0m
[59.849s] [ 39%] [32m[1mLinking CXX executable moveTurtleBot2[0m
[60.871s] [ 39%] Built target moveTurtleBot2
[60.938s] [ 43%] [32mBuilding CXX object CMakeFiles/rotate_turtle.dir/src/rotate_turtle.cpp.o[0m
[71.406s] [ 47%] [32m[1mLinking CXX executable rotate_turtle[0m
[71.831s] [ 47%] Built target rotate_turtle
[71.906s] [ 52%] [32mBuilding CXX object CMakeFiles/canny_camera.dir/src/canny_camera.cpp.o[0m
[91.985s] [ 56%] [32m[1mLinking CXX executable canny_camera[0m
[93.959s] [ 56%] Built target canny_camera
[94.028s] [ 60%] [32mBuilding CXX object CMakeFiles/canny_camera2.dir/src/canny_camera2.cpp.o[0m
[99.476s] gmake[2]: *** [CMakeFiles/canny_camera2.dir/build.make:76: CMakeFiles/canny_camera2.dir/src/canny_camera2.cpp.o] μΈν„°λ½νΈ
[99.476s] gmake[1]: *** [CMakeFiles/Makefile2:285: CMakeFiles/canny_camera2.dir/all] μΈν„°λ½νΈ
[99.476s] gmake: *** [Makefile:146: all] μΈν„°λ½νΈ
[99.519s] Invoked command in '/home/lab/ros2_ws/src/ros2_ws/build/move_t_sim' returned '-2': CMAKE_PREFIX_PATH=${CMAKE_PREFIX_PATH}:/opt/ros/humble /usr/bin/cmake --build /home/lab/ros2_ws/src/ros2_ws/build/move_t_sim -- -j2 -l2
