-- Found ament_cmake: 1.3.9 (/opt/ros/humble/share/ament_cmake/cmake)
-- Override CMake install command with custom implementation using symlinks instead of copying resources
-- Found rclcpp: 16.0.9 (/opt/ros/humble/share/rclcpp/cmake)
-- Found rosidl_generator_c: 3.1.5 (/opt/ros/humble/share/rosidl_generator_c/cmake)
-- Found rosidl_adapter: 3.1.5 (/opt/ros/humble/share/rosidl_adapter/cmake)
-- Found rosidl_generator_cpp: 3.1.5 (/opt/ros/humble/share/rosidl_generator_cpp/cmake)
-- Using all available rosidl_typesupport_c: rosidl_typesupport_fastrtps_c;rosidl_typesupport_introspection_c
-- Using all available rosidl_typesupport_cpp: rosidl_typesupport_fastrtps_cpp;rosidl_typesupport_introspection_cpp
-- Found rmw_implementation_cmake: 6.1.2 (/opt/ros/humble/share/rmw_implementation_cmake/cmake)
-- Found rmw_fastrtps_cpp: 6.2.6 (/opt/ros/humble/share/rmw_fastrtps_cpp/cmake)
-- Using RMW implementation 'rmw_fastrtps_cpp' as default
-- Found interface_example: 0.0.0 (/home/lab/ros2_ws/install/interface_example/share/interface_example/cmake)
-- Found rclcpp_action: 16.0.9 (/opt/ros/humble/share/rclcpp_action/cmake)
-- Found ament_lint_auto: 0.12.11 (/opt/ros/humble/share/ament_lint_auto/cmake)
-- Added test 'cppcheck' to perform static code analysis on C / C++ code
-- Configured cppcheck include dirs: /home/lab/ros2_ws/src/ros2_ws/simple_pkg_cpp/include
-- Configured cppcheck exclude dirs and/or files: 
-- Added test 'flake8' to check Python code syntax and style conventions
-- Added test 'lint_cmake' to check CMake code style
-- Added test 'pep257' to check Python code against some of the docstring style conventions in PEP 257
-- Added test 'uncrustify' to check C / C++ code style
-- Configured uncrustify additional arguments: 
-- Added test 'xmllint' to check XML markup files
-- Configuring done
-- Generating done
-- Build files have been written to: /home/lab/ros2_ws/src/ros2_ws/build/simple_pkg_cpp
[35m[1mConsolidate compiler generated dependencies of target helloworld[0m
[  6%] Built target helloworld
[35m[1mConsolidate compiler generated dependencies of target helloOpenCV[0m
[ 12%] Built target helloOpenCV
[35m[1mConsolidate compiler generated dependencies of target hello_publisher[0m
[ 18%] Built target hello_publisher
[35m[1mConsolidate compiler generated dependencies of target hello_publisher2[0m
[ 21%] [32mBuilding CXX object CMakeFiles/hello_publisher2.dir/src/hello_publisher2.cpp.o[0m
[ 25%] [32m[1mLinking CXX executable hello_publisher2[0m
[ 25%] Built target hello_publisher2
[35m[1mConsolidate compiler generated dependencies of target hello_publisher_class[0m
[ 31%] Built target hello_publisher_class
[35m[1mConsolidate compiler generated dependencies of target hello_publisher_class2[0m
[ 40%] Built target hello_publisher_class2
[ 43%] [32mBuilding CXX object CMakeFiles/hello_subscriber_class.dir/src/hello_subscriber_class.cpp.o[0m
[ 46%] [32mBuilding CXX object CMakeFiles/hello_subscriber_class.dir/src/subscriber.cpp.o[0m
[ 50%] [32m[1mLinking CXX executable hello_subscriber_class[0m
[ 50%] Built target hello_subscriber_class
[ 53%] [32mBuilding CXX object CMakeFiles/time_publisher_class.dir/src/time_publisher_class.cpp.o[0m
[ 56%] [32mBuilding CXX object CMakeFiles/time_publisher_class.dir/src/time_pub.cpp.o[0m
[ 59%] [32m[1mLinking CXX executable time_publisher_class[0m
gmake[2]: *** [CMakeFiles/time_publisher_class.dir/build.make:175: time_publisher_class] μΈν„°λ½νΈ
gmake[1]: *** [CMakeFiles/Makefile2:345: CMakeFiles/time_publisher_class.dir/all] μΈν„°λ½νΈ
gmake: *** [Makefile:146: all] μΈν„°λ½νΈ
